[0m20:00:46.950184 [debug] [MainThread]: Sending event: {'category': 'dbt', 'action': 'invocation', 'label': 'start', 'context': [<snowplow_tracker.self_describing_json.SelfDescribingJson object at 0x108369400>, <snowplow_tracker.self_describing_json.SelfDescribingJson object at 0x10b547c50>, <snowplow_tracker.self_describing_json.SelfDescribingJson object at 0x10b5479d0>]}


============================== 20:00:46.953232 | 27f15068-29b2-4003-b037-1f1b98563361 ==============================
[0m20:00:46.953232 [info ] [MainThread]: Running with dbt=1.9.2
[0m20:00:46.953559 [debug] [MainThread]: running dbt with arguments {'printer_width': '80', 'indirect_selection': 'eager', 'log_cache_events': 'False', 'write_json': 'True', 'partial_parse': 'True', 'cache_selected_only': 'False', 'profiles_dir': '/Users/taylor/.dbt', 'version_check': 'True', 'debug': 'False', 'log_path': 'logs', 'warn_error': 'None', 'fail_fast': 'False', 'use_colors': 'True', 'use_experimental_parser': 'False', 'empty': 'None', 'quiet': 'False', 'no_print': 'None', 'log_format': 'default', 'invocation_command': 'dbt init', 'introspect': 'True', 'warn_error_options': 'WarnErrorOptions(include=[], exclude=[])', 'target_path': 'None', 'static_parser': 'True', 'send_anonymous_usage_stats': 'True'}
[0m20:01:15.503973 [debug] [MainThread]: Starter project path: /Users/taylor/Dropbox/Mac (2)/Documents/GitHub/dbt_workspace/dbt-venv/lib/python3.13/site-packages/dbt/include/starter_project
[0m20:01:15.518345 [info ] [MainThread]: 
Your new dbt project "dbt_bigquery_sandbox" was created!

For more information on how to configure the profiles.yml file,
please consult the dbt documentation here:

  https://docs.getdbt.com/docs/configure-your-profile

One more thing:

Need help? Don't hesitate to reach out to us via GitHub issues or on Slack:

  https://community.getdbt.com/

Happy modeling!

[0m20:01:15.518870 [info ] [MainThread]: Setting up your profile.
[0m20:02:33.648552 [info ] [MainThread]: Profile dbt_bigquery_sandbox written to /Users/taylor/.dbt/profiles.yml using target's profile_template.yml and your supplied values. Run 'dbt debug' to validate the connection.
[0m20:02:33.722463 [debug] [MainThread]: Resource report: {"command_name": "init", "command_success": true, "command_wall_clock_time": 106.809135, "process_in_blocks": "0", "process_kernel_time": 0.283537, "process_mem_max_rss": "185810944", "process_out_blocks": "0", "process_user_time": 0.884332}
[0m20:02:33.723522 [debug] [MainThread]: Command `dbt init` succeeded at 20:02:33.723377 after 106.81 seconds
[0m20:02:33.724697 [debug] [MainThread]: Sending event: {'category': 'dbt', 'action': 'invocation', 'label': 'end', 'context': [<snowplow_tracker.self_describing_json.SelfDescribingJson object at 0x158365810>, <snowplow_tracker.self_describing_json.SelfDescribingJson object at 0x10b2cdfd0>, <snowplow_tracker.self_describing_json.SelfDescribingJson object at 0x158317680>]}
[0m20:02:33.725292 [debug] [MainThread]: Flushing usage events
[0m20:02:33.897457 [debug] [MainThread]: An error was encountered while trying to flush usage events
[0m20:05:57.084018 [debug] [MainThread]: Sending event: {'category': 'dbt', 'action': 'invocation', 'label': 'start', 'context': [<snowplow_tracker.self_describing_json.SelfDescribingJson object at 0x107e59400>, <snowplow_tracker.self_describing_json.SelfDescribingJson object at 0x108ccbc50>, <snowplow_tracker.self_describing_json.SelfDescribingJson object at 0x108ccb9d0>]}


============================== 20:05:57.086720 | c78fe175-7338-4dd2-8a13-0502c76cb893 ==============================
[0m20:05:57.086720 [info ] [MainThread]: Running with dbt=1.9.2
[0m20:05:57.087036 [debug] [MainThread]: running dbt with arguments {'printer_width': '80', 'indirect_selection': 'eager', 'write_json': 'True', 'log_cache_events': 'False', 'partial_parse': 'True', 'cache_selected_only': 'False', 'profiles_dir': '/Users/taylor/.dbt', 'fail_fast': 'False', 'version_check': 'True', 'log_path': 'logs', 'warn_error': 'None', 'debug': 'False', 'use_colors': 'True', 'use_experimental_parser': 'False', 'no_print': 'None', 'quiet': 'False', 'empty': 'None', 'warn_error_options': 'WarnErrorOptions(include=[], exclude=[])', 'introspect': 'True', 'log_format': 'default', 'invocation_command': 'dbt init jaffle_shop', 'target_path': 'None', 'static_parser': 'True', 'send_anonymous_usage_stats': 'True'}
[0m20:05:57.096172 [debug] [MainThread]: Starter project path: /Users/taylor/Dropbox/Mac (2)/Documents/GitHub/dbt_workspace/dbt-venv/lib/python3.13/site-packages/dbt/include/starter_project
[0m20:05:57.100606 [info ] [MainThread]: 
Your new dbt project "jaffle_shop" was created!

For more information on how to configure the profiles.yml file,
please consult the dbt documentation here:

  https://docs.getdbt.com/docs/configure-your-profile

One more thing:

Need help? Don't hesitate to reach out to us via GitHub issues or on Slack:

  https://community.getdbt.com/

Happy modeling!

[0m20:05:57.100837 [info ] [MainThread]: Setting up your profile.
[0m20:07:11.409649 [info ] [MainThread]: Profile jaffle_shop written to /Users/taylor/.dbt/profiles.yml using target's profile_template.yml and your supplied values. Run 'dbt debug' to validate the connection.
[0m20:07:11.417085 [debug] [MainThread]: Resource report: {"command_name": "init", "command_success": true, "command_wall_clock_time": 74.36653, "process_in_blocks": "0", "process_kernel_time": 0.234263, "process_mem_max_rss": "187990016", "process_out_blocks": "0", "process_user_time": 0.849124}
[0m20:07:11.417908 [debug] [MainThread]: Command `dbt init` succeeded at 20:07:11.417709 after 74.37 seconds
[0m20:07:11.418843 [debug] [MainThread]: Sending event: {'category': 'dbt', 'action': 'invocation', 'label': 'end', 'context': [<snowplow_tracker.self_describing_json.SelfDescribingJson object at 0x11c165810>, <snowplow_tracker.self_describing_json.SelfDescribingJson object at 0x108b51fd0>, <snowplow_tracker.self_describing_json.SelfDescribingJson object at 0x11c117bd0>]}
[0m20:07:11.419351 [debug] [MainThread]: Flushing usage events
[0m20:07:11.513210 [debug] [MainThread]: An error was encountered while trying to flush usage events
